#
# There is insufficient memory for the Java Runtime Environment to continue.
# Native memory allocation (mmap) failed to map 134217728 bytes for G1 virtual space
# Possible reasons:
#   The system is out of physical RAM or swap space
#   The process is running with CompressedOops enabled, and the Java Heap may be blocking the growth of the native heap
# Possible solutions:
#   Reduce memory load on the system
#   Increase physical memory or swap space
#   Check if swap backing store is full
#   Decrease Java heap size (-Xmx/-Xms)
#   Decrease number of Java threads
#   Decrease Java thread stack sizes (-Xss)
#   Set larger code cache with -XX:ReservedCodeCacheSize=
#   JVM is running with Unscaled Compressed Oops mode in which the Java heap is
#     placed in the first 4GB address space. The Java Heap base address is the
#     maximum limit for the native heap growth. Please use -XX:HeapBaseMinAddress
#     to set the Java Heap base and to place the Java Heap above 4GB virtual address.
# This output file may be truncated or incomplete.
#
#  Out of Memory Error (os_windows.cpp:3548), pid=16884, tid=14900
#
# JRE version:  (17.0.12+8) (build )
# Java VM: Java HotSpot(TM) 64-Bit Server VM (17.0.12+8-LTS-286, mixed mode, sharing, tiered, compressed oops, compressed class ptrs, g1 gc, windows-amd64)
# No core dump will be written. Minidumps are not enabled by default on client versions of Windows
#

---------------  S U M M A R Y ------------

Command Line: -Xms128m -Xmx512m -Dclassworlds.conf=C:/Users/Victoria/.m2/wrapper/dists/apache-maven-3.9.11/a2d47e15/bin/m2.conf -Dmaven.home=C:/Users/Victoria/.m2/wrapper/dists/apache-maven-3.9.11/a2d47e15 -Dlibrary.jansi.path=C:/Users/Victoria/.m2/wrapper/dists/apache-maven-3.9.11/a2d47e15/lib/jansi-native -Dmaven.multiModuleProjectDirectory=C:/Users/Victoria/Desktop/Gestor-De-Reservas-De-Hoteles/GestorReservasHotel/backend org.codehaus.plexus.classworlds.launcher.Launcher clean package -DskipTests

Host: 11th Gen Intel(R) Core(TM) i5-11400 @ 2.60GHz, 12 cores, 15G,  Windows 11 , 64 bit Build 26100 (10.0.26100.7019)
Time: Thu Nov 20 20:06:28 2025 Hora estándar GMT elapsed time: 2.065286 seconds (0d 0h 0m 2s)

---------------  T H R E A D  ---------------

Current thread (0x0000019045835560):  JavaThread "Unknown thread" [_thread_in_vm, id=14900, stack(0x000000741c300000,0x000000741c400000)]

Stack: [0x000000741c300000,0x000000741c400000]
Native frames: (J=compiled Java code, j=interpreted, Vv=VM code, C=native code)
V  [jvm.dll+0x67a04a]
V  [jvm.dll+0x7da4ed]
V  [jvm.dll+0x7dbe33]
V  [jvm.dll+0x7dc4a3]
V  [jvm.dll+0x24508f]
V  [jvm.dll+0x677089]
V  [jvm.dll+0x66bd32]
V  [jvm.dll+0x301fa6]
V  [jvm.dll+0x309546]
V  [jvm.dll+0x359d2e]
V  [jvm.dll+0x359f5f]
V  [jvm.dll+0x2d9078]
V  [jvm.dll+0x2d9fe4]
V  [jvm.dll+0x7aca21]
V  [jvm.dll+0x367591]
V  [jvm.dll+0x78b999]
V  [jvm.dll+0x3ec83f]
V  [jvm.dll+0x3ee471]
C  [jli.dll+0x5297]
C  [ucrtbase.dll+0x37b0]
C  [KERNEL32.DLL+0x2e8d7]
C  [ntdll.dll+0x8c53c]


---------------  P R O C E S S  ---------------

Threads class SMR info:
_java_thread_list=0x00007ffe53be7a18, length=0, elements={
}

Java Threads: ( => current thread )

Other Threads:
  0x0000019045864580 GCTaskThread "GC Thread#0" [stack: 0x000000741c400000,0x000000741c500000] [id=7176]
  0x000001904586b950 ConcurrentGCThread "G1 Main Marker" [stack: 0x000000741c500000,0x000000741c600000] [id=6780]
  0x000001904586c360 ConcurrentGCThread "G1 Conc#0" [stack: 0x000000741c600000,0x000000741c700000] [id=432]

[error occurred during error reporting (printing all threads), id 0xc0000005, EXCEPTION_ACCESS_VIOLATION (0xc0000005) at pc=0x00007ffe53419b67]

VM state: not at safepoint (not fully initialized)

VM Mutex/Monitor currently owned by a thread:  ([mutex/lock_event])
[0x0000019045835490] Heap_lock - owner thread: 0x0000019045835560

Heap address: 0x00000000e0000000, size: 512 MB, Compressed Oops mode: 32-bit

CDS archive(s) mapped at: [0x0000000000000000-0x0000000000000000-0x0000000000000000), size 0, SharedBaseAddress: 0x0000000800000000, ArchiveRelocationMode: 1.
Narrow klass base: 0x0000000000000000, Narrow klass shift: 0, Narrow klass range: 0x0

GC Precious Log:
<Empty>

Heap:
 garbage-first heap   total 0K, used 0K [0x00000000e0000000, 0x0000000100000000)
  region size 1024K, 0 young (0K), 0 survivors (0K)

[error occurred during error reporting (printing heap information), id 0xc0000005, EXCEPTION_ACCESS_VIOLATION (0xc0000005) at pc=0x00007ffe53803859]

GC Heap History (0 events):
No events

Deoptimization events (0 events):
No events

Classes unloaded (0 events):
No events

Classes redefined (0 events):
No events

Internal exceptions (0 events):
No events

VM Operations (0 events):
No events

Events (1 events):
Event: 0.031 Loaded shared library C:\Program Files\Java\jdk-17\bin\java.dll


Dynamic libraries:
0x00007ff6134d0000 - 0x00007ff6134e0000 	C:\Program Files\Java\jdk-17\bin\java.exe
0x00007ffee8f00000 - 0x00007ffee9168000 	C:\WINDOWS\SYSTEM32\ntdll.dll
0x00007ffee82e0000 - 0x00007ffee83a9000 	C:\WINDOWS\System32\KERNEL32.DLL
0x00007ffee63c0000 - 0x00007ffee67b8000 	C:\WINDOWS\System32\KERNELBASE.dll
0x00007ffee3150000 - 0x00007ffee31ef000 	C:\WINDOWS\SYSTEM32\apphelp.dll
0x00007ffee6960000 - 0x00007ffee6aab000 	C:\WINDOWS\System32\ucrtbase.dll
0x00007ffecb290000 - 0x00007ffecb2a9000 	C:\Program Files\Java\jdk-17\bin\jli.dll
0x00007ffee6dc0000 - 0x00007ffee6e74000 	C:\WINDOWS\System32\ADVAPI32.dll
0x00007ffee8e00000 - 0x00007ffee8ea9000 	C:\WINDOWS\System32\msvcrt.dll
0x00007ffee8b80000 - 0x00007ffee8c26000 	C:\WINDOWS\System32\sechost.dll
0x00007ffee6ca0000 - 0x00007ffee6db8000 	C:\WINDOWS\System32\RPCRT4.dll
0x00007ffec3250000 - 0x00007ffec326b000 	C:\Program Files\Java\jdk-17\bin\VCRUNTIME140.dll
0x00007ffee83b0000 - 0x00007ffee8577000 	C:\WINDOWS\System32\USER32.dll
0x00007ffee67c0000 - 0x00007ffee67e7000 	C:\WINDOWS\System32\win32u.dll
0x00007ffecbc90000 - 0x00007ffecbf24000 	C:\WINDOWS\WinSxS\amd64_microsoft.windows.common-controls_6595b64144ccf1df_6.0.26100.7019_none_3e06ffa0e335b8a8\COMCTL32.dll
0x00007ffee8d20000 - 0x00007ffee8d4b000 	C:\WINDOWS\System32\GDI32.dll
0x00007ffee6110000 - 0x00007ffee623c000 	C:\WINDOWS\System32\gdi32full.dll
0x00007ffee6ab0000 - 0x00007ffee6b53000 	C:\WINDOWS\System32\msvcp_win.dll
0x00007ffedf4d0000 - 0x00007ffedf4db000 	C:\WINDOWS\SYSTEM32\VERSION.dll
0x00007ffee85b0000 - 0x00007ffee85e1000 	C:\WINDOWS\System32\IMM32.DLL
0x00007ffed0a60000 - 0x00007ffed0a6c000 	C:\Program Files\Java\jdk-17\bin\vcruntime140_1.dll
0x00007ffeb7320000 - 0x00007ffeb73ae000 	C:\Program Files\Java\jdk-17\bin\msvcp140.dll
0x00007ffe53130000 - 0x00007ffe53d10000 	C:\Program Files\Java\jdk-17\bin\server\jvm.dll
0x00007ffee8eb0000 - 0x00007ffee8eb8000 	C:\WINDOWS\System32\PSAPI.DLL
0x00007ffedce60000 - 0x00007ffedce95000 	C:\WINDOWS\SYSTEM32\WINMM.dll
0x00007ffed09f0000 - 0x00007ffed09fa000 	C:\WINDOWS\SYSTEM32\WSOCK32.dll
0x00007ffee8d80000 - 0x00007ffee8df4000 	C:\WINDOWS\System32\WS2_32.dll
0x00007ffee4dd0000 - 0x00007ffee4deb000 	C:\WINDOWS\SYSTEM32\kernel.appcore.dll
0x00007ffecc270000 - 0x00007ffecc27a000 	C:\Program Files\Java\jdk-17\bin\jimage.dll
0x00007ffed3de0000 - 0x00007ffed4022000 	C:\WINDOWS\SYSTEM32\DBGHELP.DLL
0x00007ffee70e0000 - 0x00007ffee746b000 	C:\WINDOWS\System32\combase.dll
0x00007ffee81f0000 - 0x00007ffee82c7000 	C:\WINDOWS\System32\OLEAUT32.dll
0x00007ffed1640000 - 0x00007ffed167c000 	C:\WINDOWS\SYSTEM32\dbgcore.DLL
0x00007ffee6b60000 - 0x00007ffee6c05000 	C:\WINDOWS\System32\bcryptPrimitives.dll
0x00007ffec20a0000 - 0x00007ffec20c5000 	C:\Program Files\Java\jdk-17\bin\java.dll

dbghelp: loaded successfully - version: 4.0.5 - missing functions: none
symbol engine: initialized successfully - sym options: 0x614 - pdb path: .;C:\Program Files\Java\jdk-17\bin;C:\WINDOWS\SYSTEM32;C:\WINDOWS\WinSxS\amd64_microsoft.windows.common-controls_6595b64144ccf1df_6.0.26100.7019_none_3e06ffa0e335b8a8;C:\Program Files\Java\jdk-17\bin\server

VM Arguments:
jvm_args: -Xms128m -Xmx512m -Dclassworlds.conf=C:/Users/Victoria/.m2/wrapper/dists/apache-maven-3.9.11/a2d47e15/bin/m2.conf -Dmaven.home=C:/Users/Victoria/.m2/wrapper/dists/apache-maven-3.9.11/a2d47e15 -Dlibrary.jansi.path=C:/Users/Victoria/.m2/wrapper/dists/apache-maven-3.9.11/a2d47e15/lib/jansi-native -Dmaven.multiModuleProjectDirectory=C:/Users/Victoria/Desktop/Gestor-De-Reservas-De-Hoteles/GestorReservasHotel/backend 
java_command: org.codehaus.plexus.classworlds.launcher.Launcher clean package -DskipTests
java_class_path (initial): C:/Users/Victoria/.m2/wrapper/dists/apache-maven-3.9.11/a2d47e15/boot/plexus-classworlds-2.9.0.jar
Launcher Type: SUN_STANDARD

[Global flags]
     intx CICompilerCount                          = 4                                         {product} {ergonomic}
     uint ConcGCThreads                            = 3                                         {product} {ergonomic}
     uint G1ConcRefinementThreads                  = 10                                        {product} {ergonomic}
   size_t G1HeapRegionSize                         = 1048576                                   {product} {ergonomic}
    uintx GCDrainStackTargetSize                   = 64                                        {product} {ergonomic}
   size_t InitialHeapSize                          = 134217728                                 {product} {command line}
   size_t MarkStackSize                            = 4194304                                   {product} {ergonomic}
   size_t MaxHeapSize                              = 536870912                                 {product} {command line}
   size_t MinHeapDeltaBytes                        = 1048576                                   {product} {ergonomic}
   size_t MinHeapSize                              = 134217728                                 {product} {command line}
    uintx NonNMethodCodeHeapSize                   = 5839372                                {pd product} {ergonomic}
    uintx NonProfiledCodeHeapSize                  = 122909434                              {pd product} {ergonomic}
    uintx ProfiledCodeHeapSize                     = 122909434                              {pd product} {ergonomic}
    uintx ReservedCodeCacheSize                    = 251658240                              {pd product} {ergonomic}
     bool SegmentedCodeCache                       = true                                      {product} {ergonomic}
   size_t SoftMaxHeapSize                          = 536870912                              {manageable} {ergonomic}
     bool UseCompressedClassPointers               = true                           {product lp64_product} {ergonomic}
     bool UseCompressedOops                        = true                           {product lp64_product} {ergonomic}
     bool UseG1GC                                  = true                                      {product} {ergonomic}
     bool UseLargePagesIndividualAllocation        = false                                  {pd product} {ergonomic}

Logging:
Log output configuration:
 #0: stdout all=warning uptime,level,tags
 #1: stderr all=off uptime,level,tags

Environment Variables:
JAVA_HOME=C:/Program Files/Java/jdk-17
PATH=C;C:\Program Files\Java\jdk-17\bin;C:\Users\Victoria\bin;C:\Program Files\Git\mingw64\bin;C:\Program Files\Git\usr\local\bin;C:\Program Files\Git\usr\bin;C:\Program Files\Git\usr\bin;C:\Program Files\Git\mingw64\bin;C:\Program Files\Git\usr\bin;C:\Users\Victoria\bin;C:\Program Files\Common Files\Oracle\Java\javapath;C:\WINDOWS\system32;C:\WINDOWS;C:\WINDOWS\System32\Wbem;C:\WINDOWS\System32\WindowsPowerShell\v1.0;C:\WINDOWS\System32\OpenSSH;C:\Program Files\MySQL\MySQL Server 8.4\bin;C:\Program Files\nodejs;C:\Program Files\Git\cmd;C:\Program Files\Docker\Docker\resources\bin;C:\Program Files\MySQL\MySQL Shell 9.4\bin;C:\Users\Victoria\AppData\Local\Microsoft\WindowsApps;C:\Users\Victoria\AppData\Local\Programs\Microsoft VS Code\bin;C:\Users\Victoria\AppData\Roaming\npm;C:\Users\Victoria\.vscode\extensions\vscjava.vscode-java-debug-0.58.3\bundled\scripts\noConfigScripts;C:\Program Files\Git\usr\bin\vendor_perl;C:\Program Files\Git\usr\bin\core_perl
USERNAME=Victoria
SHELL=C:\Program Files\Git\usr\bin\bash.exe
DISPLAY=needs-to-be-defined
LANG=en_US.UTF-8
OS=Windows_NT
PROCESSOR_IDENTIFIER=Intel64 Family 6 Model 167 Stepping 1, GenuineIntel



---------------  S Y S T E M  ---------------

OS:
 Windows 11 , 64 bit Build 26100 (10.0.26100.7019)
OS uptime: 3 days 7:16 hours
Hyper-V role detected

CPU: total 12 (initial active 12) (6 cores per cpu, 2 threads per core) family 6 model 167 stepping 1 microcode 0x50, cx8, cmov, fxsr, ht, mmx, 3dnowpref, sse, sse2, sse3, ssse3, sse4.1, sse4.2, popcnt, lzcnt, tsc, tscinvbit, avx, avx2, aes, erms, clmul, bmi1, bmi2, adx, avx512f, avx512dq, avx512cd, avx512bw, avx512vl, sha, fma, vzeroupper, avx512_vpopcntdq, avx512_vpclmulqdq, avx512_vaes, avx512_vnni, clflush, clflushopt, avx512_vbmi2, avx512_vbmi, hv

Memory: 4k page, system-wide physical 15975M (7200M free)
TotalPageFile size 65127M (AvailPageFile size 84M)
current process WorkingSet (physical memory assigned to process): 13M, peak: 13M
current process commit charge ("private bytes"): 64M, peak: 191M

vm_info: Java HotSpot(TM) 64-Bit Server VM (17.0.12+8-LTS-286) for windows-amd64 JRE (17.0.12+8-LTS-286), built on Jun  5 2024 06:46:59 by "mach5one" with MS VC++ 17.6 (VS2022)

END.
